[20:48:48.258] [34mINFO:[0m [36mregistering handler[0m [37m{
  "GRPC address": "ee",
  "op": "RegisterHandlers() (Proxy)"
}[0m
[20:48:48.356] [34mINFO:[0m [36mregistered handler[0m [37m{
  "GRPC address": "ee",
  "op": "RegisterHandlers() (Proxy)"
}[0m
[20:48:48.357] [34mINFO:[0m [36mcreate kafka writer conn[0m [37m{
  "address": "ee",
  "op": "WriterRun() (KafkaApp)",
  "topic": "ee"
}[0m
[20:48:48.357] [34mINFO:[0m [36msuccessfully[0m [37m{
  "op": "WriterRun() (KafkaApp)"
}[0m
[20:48:48.358] [34mINFO:[0m [36mstart listening HTTP[0m [37m{
  "address": ":8080",
  "op": "MustRun() (App)"
}[0m
[20:48:48.358] [34mINFO:[0m [36msuccessfully[0m [37m{
  "op": "MustRun() (App)"
}[0m
[20:52:52.677] [33mWARN:[0m [36mshutting down http-gateway...[0m [37m{
  "signal": 2
}[0m
[20:52:52.677] [34mINFO:[0m [36mshutdown HTTP server[0m [37m{
  "address": ":8080",
  "op": "Shutdown() (App)"
}[0m
[20:52:52.678] [34mINFO:[0m [36mclose kafka writer conn[0m [37m{
  "address": "ee",
  "op": "WriterStop() (KafkaApp)"
}[0m
[20:52:52.678] [34mINFO:[0m [36msuccessfully[0m [37m{
  "op": "WriterStop() (KafkaApp)"
}[0m
[20:52:52.678] [34mINFO:[0m [36mhttp-gateway stopped[0m [37m[0m
